{"name": "test_add_eposode", "status": "broken", "statusDetails": {"message": "selenium.common.exceptions.TimeoutException: Message: 没找到元素\nStacktrace:\n\tGetHandleVerifier [0x00007FF6862252A2+57122]\n\t(No symbol) [0x00007FF68619EA92]\n\t(No symbol) [0x00007FF68606E3AB]\n\t(No symbol) [0x00007FF6860A7D3E]\n\t(No symbol) [0x00007FF6860A7E2C]\n\t(No symbol) [0x00007FF6860E0B67]\n\t(No symbol) [0x00007FF6860C701F]\n\t(No symbol) [0x00007FF6860DEB82]\n\t(No symbol) [0x00007FF6860C6DB3]\n\t(No symbol) [0x00007FF68609D2B1]\n\t(No symbol) [0x00007FF68609E494]\n\tGetHandleVerifier [0x00007FF6864CEF82+2849794]\n\tGetHandleVerifier [0x00007FF686521D24+3189156]\n\tGetHandleVerifier [0x00007FF68651ACAF+3160367]\n\tGetHandleVerifier [0x00007FF6862B6D06+653702]\n\t(No symbol) [0x00007FF6861AA208]\n\t(No symbol) [0x00007FF6861A62C4]\n\t(No symbol) [0x00007FF6861A63F6]\n\t(No symbol) [0x00007FF6861967A3]\n\tBaseThreadInitThunk [0x00007FF98D027614+20]\n\tRtlUserThreadStart [0x00007FF98E0C26A1+33]", "trace": "self = <TestCase.test_episodes.Testeposodes1 object at 0x0000011EA7BE64D0>\nbeginandend = (<selenium.webdriver.chrome.webdriver.WebDriver (session=\"4596f490cac3aa871619b610ba03e733\")>, <Logger 测试 (DEBUG)>)\n\n    @pytest.mark.usefixtures('beginandend')\n    # @pytest.mark.parametrize(\"data\",excle_read('./data/ele.xlsx','新增剧集用例'))\n    def test_add_eposode(self, beginandend):\n    \n        self.driver, self.logger = beginandend\n        ae = EpisodesPage(self.driver)\n>       ae.add_episodes()\n\nTestCase\\test_episodes.py:25: \n_ _ _ _ _ _ _ _ _ _ _ _ _ _ _ _ _ _ _ _ _ _ _ _ _ _ _ _ _ _ _ _ _ _ _ _ _ _ _ _\npageobject\\episodes_page.py:41: in add_episodes\n    ???\nbase\\base_page.py:59: in goto_frame\n    self.driver.switch_to.frame(self.locate_element(frame_name))\nbase\\base_page.py:18: in locate_element\n    WebDriverWait(self.driver, 30, 0.5).until(EC.presence_of_element_located(args), '没找到元素')\n_ _ _ _ _ _ _ _ _ _ _ _ _ _ _ _ _ _ _ _ _ _ _ _ _ _ _ _ _ _ _ _ _ _ _ _ _ _ _ _\n\nself = <selenium.webdriver.support.wait.WebDriverWait (session=\"4596f490cac3aa871619b610ba03e733\")>\nmethod = <function presence_of_element_located.<locals>._predicate at 0x0000011EA6B2E710>\nmessage = '没找到元素'\n\n    def until(self, method, message: str = \"\"):\n        \"\"\"Calls the method provided with the driver as an argument until the \\\n        return value does not evaluate to ``False``.\n    \n        :param method: callable(WebDriver)\n        :param message: optional message for :exc:`TimeoutException`\n        :returns: the result of the last call to `method`\n        :raises: :exc:`selenium.common.exceptions.TimeoutException` if timeout occurs\n        \"\"\"\n        screen = None\n        stacktrace = None\n    \n        end_time = time.monotonic() + self._timeout\n        while True:\n            try:\n                value = method(self._driver)\n                if value:\n                    return value\n            except self._ignored_exceptions as exc:\n                screen = getattr(exc, \"screen\", None)\n                stacktrace = getattr(exc, \"stacktrace\", None)\n            time.sleep(self._poll)\n            if time.monotonic() > end_time:\n                break\n>       raise TimeoutException(message, screen, stacktrace)\nE       selenium.common.exceptions.TimeoutException: Message: 没找到元素\nE       Stacktrace:\nE       \tGetHandleVerifier [0x00007FF6862252A2+57122]\nE       \t(No symbol) [0x00007FF68619EA92]\nE       \t(No symbol) [0x00007FF68606E3AB]\nE       \t(No symbol) [0x00007FF6860A7D3E]\nE       \t(No symbol) [0x00007FF6860A7E2C]\nE       \t(No symbol) [0x00007FF6860E0B67]\nE       \t(No symbol) [0x00007FF6860C701F]\nE       \t(No symbol) [0x00007FF6860DEB82]\nE       \t(No symbol) [0x00007FF6860C6DB3]\nE       \t(No symbol) [0x00007FF68609D2B1]\nE       \t(No symbol) [0x00007FF68609E494]\nE       \tGetHandleVerifier [0x00007FF6864CEF82+2849794]\nE       \tGetHandleVerifier [0x00007FF686521D24+3189156]\nE       \tGetHandleVerifier [0x00007FF68651ACAF+3160367]\nE       \tGetHandleVerifier [0x00007FF6862B6D06+653702]\nE       \t(No symbol) [0x00007FF6861AA208]\nE       \t(No symbol) [0x00007FF6861A62C4]\nE       \t(No symbol) [0x00007FF6861A63F6]\nE       \t(No symbol) [0x00007FF6861967A3]\nE       \tBaseThreadInitThunk [0x00007FF98D027614+20]\nE       \tRtlUserThreadStart [0x00007FF98E0C26A1+33]\n\nC:\\python\\3.10\\lib\\site-packages\\selenium\\webdriver\\support\\wait.py:95: TimeoutException"}, "attachments": [{"name": "log", "source": "600fcfd6-2dab-4f4d-b5f8-11d9199e8dbb-attachment.txt", "type": "text/plain"}], "start": 1692935091057, "stop": 1692935131072, "uuid": "0d71b689-0ae8-475f-af5e-22fa1c839719", "historyId": "a753039db9de0d3d5482c42428e9bb0f", "testCaseId": "a753039db9de0d3d5482c42428e9bb0f", "fullName": "TestCase.test_episodes.Testeposodes1#test_add_eposode", "labels": [{"name": "feature", "value": "剧集管理模块"}, {"name": "tag", "value": "@pytest.mark.usefixtures('beginandend')"}, {"name": "parentSuite", "value": "TestCase"}, {"name": "suite", "value": "test_episodes"}, {"name": "subSuite", "value": "Testeposodes1"}, {"name": "host", "value": "DESKTOP-14KMC4A"}, {"name": "thread", "value": "21256-MainThread"}, {"name": "framework", "value": "pytest"}, {"name": "language", "value": "cpython3"}, {"name": "package", "value": "TestCase.test_episodes"}]}