{"uid":"2d9b6d73c9adedb1","name":"test_del_package","fullName":"TestCase.test_table.Testtable#test_del_package","historyId":"a224edfc98c8c69879e3da2fff7f9f21","time":{"start":1692774686627,"stop":1692774724790,"duration":38163},"status":"broken","statusMessage":"selenium.common.exceptions.TimeoutException: Message: 没找到元素\nStacktrace:\n\tGetHandleVerifier [0x00007FF6BA0252A2+57122]\n\t(No symbol) [0x00007FF6B9F9EA92]\n\t(No symbol) [0x00007FF6B9E6E3AB]\n\t(No symbol) [0x00007FF6B9EA7D3E]\n\t(No symbol) [0x00007FF6B9EA7E2C]\n\t(No symbol) [0x00007FF6B9EE0B67]\n\t(No symbol) [0x00007FF6B9EC701F]\n\t(No symbol) [0x00007FF6B9EDEB82]\n\t(No symbol) [0x00007FF6B9EC6DB3]\n\t(No symbol) [0x00007FF6B9E9D2B1]\n\t(No symbol) [0x00007FF6B9E9E494]\n\tGetHandleVerifier [0x00007FF6BA2CEF82+2849794]\n\tGetHandleVerifier [0x00007FF6BA321D24+3189156]\n\tGetHandleVerifier [0x00007FF6BA31ACAF+3160367]\n\tGetHandleVerifier [0x00007FF6BA0B6D06+653702]\n\t(No symbol) [0x00007FF6B9FAA208]\n\t(No symbol) [0x00007FF6B9FA62C4]\n\t(No symbol) [0x00007FF6B9FA63F6]\n\t(No symbol) [0x00007FF6B9F967A3]\n\tBaseThreadInitThunk [0x00007FF98D027614+20]\n\tRtlUserThreadStart [0x00007FF98E0C26A1+33]","statusTrace":"self = <TestCase.test_table.Testtable object at 0x00000275D78B5ED0>\nbeginandend = (<selenium.webdriver.chrome.webdriver.WebDriver (session=\"849d6078e1207cc9ca8069871c64940a\")>, <Logger 测试 (DEBUG)>)\n\n    @pytest.mark.usefixtures('beginandend')\n    def test_del_package(self, beginandend):\n    \n        self.driver, self.logger =beginandend\n        dp = packagePage(self.driver)\n>       dp.delete_package()\n\nTestCase\\test_table.py:63: \n_ _ _ _ _ _ _ _ _ _ _ _ _ _ _ _ _ _ _ _ _ _ _ _ _ _ _ _ _ _ _ _ _ _ _ _ _ _ _ _\npageobject\\table_commit.py:162: in delete_package\n    self.click(self.button)\nbase\\base_page.py:49: in click\n    self.locate_element(args).click()\nbase\\base_page.py:18: in locate_element\n    WebDriverWait(self.driver, 30, 0.5).until(EC.presence_of_element_located(args), '没找到元素')\n_ _ _ _ _ _ _ _ _ _ _ _ _ _ _ _ _ _ _ _ _ _ _ _ _ _ _ _ _ _ _ _ _ _ _ _ _ _ _ _\n\nself = <selenium.webdriver.support.wait.WebDriverWait (session=\"849d6078e1207cc9ca8069871c64940a\")>\nmethod = <function presence_of_element_located.<locals>._predicate at 0x00000275D67EE710>\nmessage = '没找到元素'\n\n    def until(self, method, message: str = \"\"):\n        \"\"\"Calls the method provided with the driver as an argument until the \\\n        return value does not evaluate to ``False``.\n    \n        :param method: callable(WebDriver)\n        :param message: optional message for :exc:`TimeoutException`\n        :returns: the result of the last call to `method`\n        :raises: :exc:`selenium.common.exceptions.TimeoutException` if timeout occurs\n        \"\"\"\n        screen = None\n        stacktrace = None\n    \n        end_time = time.monotonic() + self._timeout\n        while True:\n            try:\n                value = method(self._driver)\n                if value:\n                    return value\n            except self._ignored_exceptions as exc:\n                screen = getattr(exc, \"screen\", None)\n                stacktrace = getattr(exc, \"stacktrace\", None)\n            time.sleep(self._poll)\n            if time.monotonic() > end_time:\n                break\n>       raise TimeoutException(message, screen, stacktrace)\nE       selenium.common.exceptions.TimeoutException: Message: 没找到元素\nE       Stacktrace:\nE       \tGetHandleVerifier [0x00007FF6BA0252A2+57122]\nE       \t(No symbol) [0x00007FF6B9F9EA92]\nE       \t(No symbol) [0x00007FF6B9E6E3AB]\nE       \t(No symbol) [0x00007FF6B9EA7D3E]\nE       \t(No symbol) [0x00007FF6B9EA7E2C]\nE       \t(No symbol) [0x00007FF6B9EE0B67]\nE       \t(No symbol) [0x00007FF6B9EC701F]\nE       \t(No symbol) [0x00007FF6B9EDEB82]\nE       \t(No symbol) [0x00007FF6B9EC6DB3]\nE       \t(No symbol) [0x00007FF6B9E9D2B1]\nE       \t(No symbol) [0x00007FF6B9E9E494]\nE       \tGetHandleVerifier [0x00007FF6BA2CEF82+2849794]\nE       \tGetHandleVerifier [0x00007FF6BA321D24+3189156]\nE       \tGetHandleVerifier [0x00007FF6BA31ACAF+3160367]\nE       \tGetHandleVerifier [0x00007FF6BA0B6D06+653702]\nE       \t(No symbol) [0x00007FF6B9FAA208]\nE       \t(No symbol) [0x00007FF6B9FA62C4]\nE       \t(No symbol) [0x00007FF6B9FA63F6]\nE       \t(No symbol) [0x00007FF6B9F967A3]\nE       \tBaseThreadInitThunk [0x00007FF98D027614+20]\nE       \tRtlUserThreadStart [0x00007FF98E0C26A1+33]\n\nC:\\python\\3.10\\lib\\site-packages\\selenium\\webdriver\\support\\wait.py:95: TimeoutException","flaky":false,"newFailed":false,"newBroken":false,"newPassed":false,"retriesCount":0,"retriesStatusChange":false,"beforeStages":[{"name":"beginandend","time":{"start":1692774685413,"stop":1692774686627,"duration":1214},"status":"passed","steps":[],"attachments":[],"parameters":[],"hasContent":false,"stepsCount":0,"attachmentsCount":0,"shouldDisplayMessage":false}],"testStage":{"status":"broken","statusMessage":"selenium.common.exceptions.TimeoutException: Message: 没找到元素\nStacktrace:\n\tGetHandleVerifier [0x00007FF6BA0252A2+57122]\n\t(No symbol) [0x00007FF6B9F9EA92]\n\t(No symbol) [0x00007FF6B9E6E3AB]\n\t(No symbol) [0x00007FF6B9EA7D3E]\n\t(No symbol) [0x00007FF6B9EA7E2C]\n\t(No symbol) [0x00007FF6B9EE0B67]\n\t(No symbol) [0x00007FF6B9EC701F]\n\t(No symbol) [0x00007FF6B9EDEB82]\n\t(No symbol) [0x00007FF6B9EC6DB3]\n\t(No symbol) [0x00007FF6B9E9D2B1]\n\t(No symbol) [0x00007FF6B9E9E494]\n\tGetHandleVerifier [0x00007FF6BA2CEF82+2849794]\n\tGetHandleVerifier [0x00007FF6BA321D24+3189156]\n\tGetHandleVerifier [0x00007FF6BA31ACAF+3160367]\n\tGetHandleVerifier [0x00007FF6BA0B6D06+653702]\n\t(No symbol) [0x00007FF6B9FAA208]\n\t(No symbol) [0x00007FF6B9FA62C4]\n\t(No symbol) [0x00007FF6B9FA63F6]\n\t(No symbol) [0x00007FF6B9F967A3]\n\tBaseThreadInitThunk [0x00007FF98D027614+20]\n\tRtlUserThreadStart [0x00007FF98E0C26A1+33]","statusTrace":"self = <TestCase.test_table.Testtable object at 0x00000275D78B5ED0>\nbeginandend = (<selenium.webdriver.chrome.webdriver.WebDriver (session=\"849d6078e1207cc9ca8069871c64940a\")>, <Logger 测试 (DEBUG)>)\n\n    @pytest.mark.usefixtures('beginandend')\n    def test_del_package(self, beginandend):\n    \n        self.driver, self.logger =beginandend\n        dp = packagePage(self.driver)\n>       dp.delete_package()\n\nTestCase\\test_table.py:63: \n_ _ _ _ _ _ _ _ _ _ _ _ _ _ _ _ _ _ _ _ _ _ _ _ _ _ _ _ _ _ _ _ _ _ _ _ _ _ _ _\npageobject\\table_commit.py:162: in delete_package\n    self.click(self.button)\nbase\\base_page.py:49: in click\n    self.locate_element(args).click()\nbase\\base_page.py:18: in locate_element\n    WebDriverWait(self.driver, 30, 0.5).until(EC.presence_of_element_located(args), '没找到元素')\n_ _ _ _ _ _ _ _ _ _ _ _ _ _ _ _ _ _ _ _ _ _ _ _ _ _ _ _ _ _ _ _ _ _ _ _ _ _ _ _\n\nself = <selenium.webdriver.support.wait.WebDriverWait (session=\"849d6078e1207cc9ca8069871c64940a\")>\nmethod = <function presence_of_element_located.<locals>._predicate at 0x00000275D67EE710>\nmessage = '没找到元素'\n\n    def until(self, method, message: str = \"\"):\n        \"\"\"Calls the method provided with the driver as an argument until the \\\n        return value does not evaluate to ``False``.\n    \n        :param method: callable(WebDriver)\n        :param message: optional message for :exc:`TimeoutException`\n        :returns: the result of the last call to `method`\n        :raises: :exc:`selenium.common.exceptions.TimeoutException` if timeout occurs\n        \"\"\"\n        screen = None\n        stacktrace = None\n    \n        end_time = time.monotonic() + self._timeout\n        while True:\n            try:\n                value = method(self._driver)\n                if value:\n                    return value\n            except self._ignored_exceptions as exc:\n                screen = getattr(exc, \"screen\", None)\n                stacktrace = getattr(exc, \"stacktrace\", None)\n            time.sleep(self._poll)\n            if time.monotonic() > end_time:\n                break\n>       raise TimeoutException(message, screen, stacktrace)\nE       selenium.common.exceptions.TimeoutException: Message: 没找到元素\nE       Stacktrace:\nE       \tGetHandleVerifier [0x00007FF6BA0252A2+57122]\nE       \t(No symbol) [0x00007FF6B9F9EA92]\nE       \t(No symbol) [0x00007FF6B9E6E3AB]\nE       \t(No symbol) [0x00007FF6B9EA7D3E]\nE       \t(No symbol) [0x00007FF6B9EA7E2C]\nE       \t(No symbol) [0x00007FF6B9EE0B67]\nE       \t(No symbol) [0x00007FF6B9EC701F]\nE       \t(No symbol) [0x00007FF6B9EDEB82]\nE       \t(No symbol) [0x00007FF6B9EC6DB3]\nE       \t(No symbol) [0x00007FF6B9E9D2B1]\nE       \t(No symbol) [0x00007FF6B9E9E494]\nE       \tGetHandleVerifier [0x00007FF6BA2CEF82+2849794]\nE       \tGetHandleVerifier [0x00007FF6BA321D24+3189156]\nE       \tGetHandleVerifier [0x00007FF6BA31ACAF+3160367]\nE       \tGetHandleVerifier [0x00007FF6BA0B6D06+653702]\nE       \t(No symbol) [0x00007FF6B9FAA208]\nE       \t(No symbol) [0x00007FF6B9FA62C4]\nE       \t(No symbol) [0x00007FF6B9FA63F6]\nE       \t(No symbol) [0x00007FF6B9F967A3]\nE       \tBaseThreadInitThunk [0x00007FF98D027614+20]\nE       \tRtlUserThreadStart [0x00007FF98E0C26A1+33]\n\nC:\\python\\3.10\\lib\\site-packages\\selenium\\webdriver\\support\\wait.py:95: TimeoutException","steps":[],"attachments":[{"uid":"35d73de35f7c8e96","name":"log","source":"35d73de35f7c8e96.txt","type":"text/plain","size":151}],"parameters":[],"hasContent":true,"stepsCount":0,"attachmentsCount":1,"shouldDisplayMessage":true},"afterStages":[{"name":"beginandend::0","time":{"start":1692774724914,"stop":1692774726986,"duration":2072},"status":"passed","steps":[],"attachments":[],"parameters":[],"hasContent":false,"stepsCount":0,"attachmentsCount":0,"shouldDisplayMessage":false}],"labels":[{"name":"feature","value":"测试360搜索"},{"name":"tag","value":"@pytest.mark.usefixtures('beginandend')"},{"name":"parentSuite","value":"TestCase"},{"name":"suite","value":"test_table"},{"name":"subSuite","value":"Testtable"},{"name":"host","value":"DESKTOP-14KMC4A"},{"name":"thread","value":"32544-MainThread"},{"name":"framework","value":"pytest"},{"name":"language","value":"cpython3"},{"name":"package","value":"TestCase.test_table"},{"name":"resultFormat","value":"allure2"}],"parameters":[],"links":[],"hidden":true,"retry":true,"extra":{"categories":[],"tags":["@pytest.mark.usefixtures('beginandend')"]},"source":"2d9b6d73c9adedb1.json","parameterValues":[]}