{"uid":"4d6cef3d19e080d1","name":"test_del_grp","fullName":"TestCase.test_table.Testtable#test_del_grp","historyId":"bdcd5ef27ea9243e331bea0db216089c","time":{"start":1692863645333,"stop":1692863685479,"duration":40146},"status":"broken","statusMessage":"selenium.common.exceptions.TimeoutException: Message: 没找到元素\nStacktrace:\n\tGetHandleVerifier [0x00007FF6862252A2+57122]\n\t(No symbol) [0x00007FF68619EA92]\n\t(No symbol) [0x00007FF68606E3AB]\n\t(No symbol) [0x00007FF6860A7D3E]\n\t(No symbol) [0x00007FF6860A7E2C]\n\t(No symbol) [0x00007FF6860E0B67]\n\t(No symbol) [0x00007FF6860C701F]\n\t(No symbol) [0x00007FF6860DEB82]\n\t(No symbol) [0x00007FF6860C6DB3]\n\t(No symbol) [0x00007FF68609D2B1]\n\t(No symbol) [0x00007FF68609E494]\n\tGetHandleVerifier [0x00007FF6864CEF82+2849794]\n\tGetHandleVerifier [0x00007FF686521D24+3189156]\n\tGetHandleVerifier [0x00007FF68651ACAF+3160367]\n\tGetHandleVerifier [0x00007FF6862B6D06+653702]\n\t(No symbol) [0x00007FF6861AA208]\n\t(No symbol) [0x00007FF6861A62C4]\n\t(No symbol) [0x00007FF6861A63F6]\n\t(No symbol) [0x00007FF6861967A3]\n\tBaseThreadInitThunk [0x00007FF98D027614+20]\n\tRtlUserThreadStart [0x00007FF98E0C26A1+33]","statusTrace":"self = <TestCase.test_table.Testtable object at 0x0000024DB372AEC0>\nbeginandend = (<selenium.webdriver.chrome.webdriver.WebDriver (session=\"03e51d0b43379436ef1a63e108f27416\")>, <Logger 测试 (DEBUG)>)\n\n    @pytest.mark.usefixtures(\"beginandend\")\n    def test_del_grp(self, beginandend):\n        self.driver, self.logger = beginandend\n        dg = packagePage(self.driver)\n>       dg.del_group()\n\nTestCase\\test_table.py:95: \n_ _ _ _ _ _ _ _ _ _ _ _ _ _ _ _ _ _ _ _ _ _ _ _ _ _ _ _ _ _ _ _ _ _ _ _ _ _ _ _\npageobject\\table_commit.py:230: in del_group\n    ???\nbase\\base_page.py:49: in click\n    self.locate_element(args).click()\nbase\\base_page.py:18: in locate_element\n    WebDriverWait(self.driver, 30, 0.5).until(EC.presence_of_element_located(args), '没找到元素')\n_ _ _ _ _ _ _ _ _ _ _ _ _ _ _ _ _ _ _ _ _ _ _ _ _ _ _ _ _ _ _ _ _ _ _ _ _ _ _ _\n\nself = <selenium.webdriver.support.wait.WebDriverWait (session=\"03e51d0b43379436ef1a63e108f27416\")>\nmethod = <function presence_of_element_located.<locals>._predicate at 0x0000024DB265E710>\nmessage = '没找到元素'\n\n    def until(self, method, message: str = \"\"):\n        \"\"\"Calls the method provided with the driver as an argument until the \\\n        return value does not evaluate to ``False``.\n    \n        :param method: callable(WebDriver)\n        :param message: optional message for :exc:`TimeoutException`\n        :returns: the result of the last call to `method`\n        :raises: :exc:`selenium.common.exceptions.TimeoutException` if timeout occurs\n        \"\"\"\n        screen = None\n        stacktrace = None\n    \n        end_time = time.monotonic() + self._timeout\n        while True:\n            try:\n                value = method(self._driver)\n                if value:\n                    return value\n            except self._ignored_exceptions as exc:\n                screen = getattr(exc, \"screen\", None)\n                stacktrace = getattr(exc, \"stacktrace\", None)\n            time.sleep(self._poll)\n            if time.monotonic() > end_time:\n                break\n>       raise TimeoutException(message, screen, stacktrace)\nE       selenium.common.exceptions.TimeoutException: Message: 没找到元素\nE       Stacktrace:\nE       \tGetHandleVerifier [0x00007FF6862252A2+57122]\nE       \t(No symbol) [0x00007FF68619EA92]\nE       \t(No symbol) [0x00007FF68606E3AB]\nE       \t(No symbol) [0x00007FF6860A7D3E]\nE       \t(No symbol) [0x00007FF6860A7E2C]\nE       \t(No symbol) [0x00007FF6860E0B67]\nE       \t(No symbol) [0x00007FF6860C701F]\nE       \t(No symbol) [0x00007FF6860DEB82]\nE       \t(No symbol) [0x00007FF6860C6DB3]\nE       \t(No symbol) [0x00007FF68609D2B1]\nE       \t(No symbol) [0x00007FF68609E494]\nE       \tGetHandleVerifier [0x00007FF6864CEF82+2849794]\nE       \tGetHandleVerifier [0x00007FF686521D24+3189156]\nE       \tGetHandleVerifier [0x00007FF68651ACAF+3160367]\nE       \tGetHandleVerifier [0x00007FF6862B6D06+653702]\nE       \t(No symbol) [0x00007FF6861AA208]\nE       \t(No symbol) [0x00007FF6861A62C4]\nE       \t(No symbol) [0x00007FF6861A63F6]\nE       \t(No symbol) [0x00007FF6861967A3]\nE       \tBaseThreadInitThunk [0x00007FF98D027614+20]\nE       \tRtlUserThreadStart [0x00007FF98E0C26A1+33]\n\nC:\\python\\3.10\\lib\\site-packages\\selenium\\webdriver\\support\\wait.py:95: TimeoutException","flaky":false,"newFailed":false,"newBroken":false,"newPassed":false,"retriesCount":0,"retriesStatusChange":false,"beforeStages":[{"name":"beginandend","time":{"start":1692863644141,"stop":1692863645332,"duration":1191},"status":"passed","steps":[],"attachments":[],"parameters":[],"hasContent":false,"stepsCount":0,"attachmentsCount":0,"shouldDisplayMessage":false}],"testStage":{"status":"broken","statusMessage":"selenium.common.exceptions.TimeoutException: Message: 没找到元素\nStacktrace:\n\tGetHandleVerifier [0x00007FF6862252A2+57122]\n\t(No symbol) [0x00007FF68619EA92]\n\t(No symbol) [0x00007FF68606E3AB]\n\t(No symbol) [0x00007FF6860A7D3E]\n\t(No symbol) [0x00007FF6860A7E2C]\n\t(No symbol) [0x00007FF6860E0B67]\n\t(No symbol) [0x00007FF6860C701F]\n\t(No symbol) [0x00007FF6860DEB82]\n\t(No symbol) [0x00007FF6860C6DB3]\n\t(No symbol) [0x00007FF68609D2B1]\n\t(No symbol) [0x00007FF68609E494]\n\tGetHandleVerifier [0x00007FF6864CEF82+2849794]\n\tGetHandleVerifier [0x00007FF686521D24+3189156]\n\tGetHandleVerifier [0x00007FF68651ACAF+3160367]\n\tGetHandleVerifier [0x00007FF6862B6D06+653702]\n\t(No symbol) [0x00007FF6861AA208]\n\t(No symbol) [0x00007FF6861A62C4]\n\t(No symbol) [0x00007FF6861A63F6]\n\t(No symbol) [0x00007FF6861967A3]\n\tBaseThreadInitThunk [0x00007FF98D027614+20]\n\tRtlUserThreadStart [0x00007FF98E0C26A1+33]","statusTrace":"self = <TestCase.test_table.Testtable object at 0x0000024DB372AEC0>\nbeginandend = (<selenium.webdriver.chrome.webdriver.WebDriver (session=\"03e51d0b43379436ef1a63e108f27416\")>, <Logger 测试 (DEBUG)>)\n\n    @pytest.mark.usefixtures(\"beginandend\")\n    def test_del_grp(self, beginandend):\n        self.driver, self.logger = beginandend\n        dg = packagePage(self.driver)\n>       dg.del_group()\n\nTestCase\\test_table.py:95: \n_ _ _ _ _ _ _ _ _ _ _ _ _ _ _ _ _ _ _ _ _ _ _ _ _ _ _ _ _ _ _ _ _ _ _ _ _ _ _ _\npageobject\\table_commit.py:230: in del_group\n    ???\nbase\\base_page.py:49: in click\n    self.locate_element(args).click()\nbase\\base_page.py:18: in locate_element\n    WebDriverWait(self.driver, 30, 0.5).until(EC.presence_of_element_located(args), '没找到元素')\n_ _ _ _ _ _ _ _ _ _ _ _ _ _ _ _ _ _ _ _ _ _ _ _ _ _ _ _ _ _ _ _ _ _ _ _ _ _ _ _\n\nself = <selenium.webdriver.support.wait.WebDriverWait (session=\"03e51d0b43379436ef1a63e108f27416\")>\nmethod = <function presence_of_element_located.<locals>._predicate at 0x0000024DB265E710>\nmessage = '没找到元素'\n\n    def until(self, method, message: str = \"\"):\n        \"\"\"Calls the method provided with the driver as an argument until the \\\n        return value does not evaluate to ``False``.\n    \n        :param method: callable(WebDriver)\n        :param message: optional message for :exc:`TimeoutException`\n        :returns: the result of the last call to `method`\n        :raises: :exc:`selenium.common.exceptions.TimeoutException` if timeout occurs\n        \"\"\"\n        screen = None\n        stacktrace = None\n    \n        end_time = time.monotonic() + self._timeout\n        while True:\n            try:\n                value = method(self._driver)\n                if value:\n                    return value\n            except self._ignored_exceptions as exc:\n                screen = getattr(exc, \"screen\", None)\n                stacktrace = getattr(exc, \"stacktrace\", None)\n            time.sleep(self._poll)\n            if time.monotonic() > end_time:\n                break\n>       raise TimeoutException(message, screen, stacktrace)\nE       selenium.common.exceptions.TimeoutException: Message: 没找到元素\nE       Stacktrace:\nE       \tGetHandleVerifier [0x00007FF6862252A2+57122]\nE       \t(No symbol) [0x00007FF68619EA92]\nE       \t(No symbol) [0x00007FF68606E3AB]\nE       \t(No symbol) [0x00007FF6860A7D3E]\nE       \t(No symbol) [0x00007FF6860A7E2C]\nE       \t(No symbol) [0x00007FF6860E0B67]\nE       \t(No symbol) [0x00007FF6860C701F]\nE       \t(No symbol) [0x00007FF6860DEB82]\nE       \t(No symbol) [0x00007FF6860C6DB3]\nE       \t(No symbol) [0x00007FF68609D2B1]\nE       \t(No symbol) [0x00007FF68609E494]\nE       \tGetHandleVerifier [0x00007FF6864CEF82+2849794]\nE       \tGetHandleVerifier [0x00007FF686521D24+3189156]\nE       \tGetHandleVerifier [0x00007FF68651ACAF+3160367]\nE       \tGetHandleVerifier [0x00007FF6862B6D06+653702]\nE       \t(No symbol) [0x00007FF6861AA208]\nE       \t(No symbol) [0x00007FF6861A62C4]\nE       \t(No symbol) [0x00007FF6861A63F6]\nE       \t(No symbol) [0x00007FF6861967A3]\nE       \tBaseThreadInitThunk [0x00007FF98D027614+20]\nE       \tRtlUserThreadStart [0x00007FF98E0C26A1+33]\n\nC:\\python\\3.10\\lib\\site-packages\\selenium\\webdriver\\support\\wait.py:95: TimeoutException","steps":[],"attachments":[{"uid":"6e9c46d4426a99a4","name":"log","source":"6e9c46d4426a99a4.txt","type":"text/plain","size":151}],"parameters":[],"hasContent":true,"stepsCount":0,"attachmentsCount":1,"shouldDisplayMessage":true},"afterStages":[{"name":"beginandend::0","time":{"start":1692863685601,"stop":1692863687668,"duration":2067},"status":"passed","steps":[],"attachments":[],"parameters":[],"hasContent":false,"stepsCount":0,"attachmentsCount":0,"shouldDisplayMessage":false}],"labels":[{"name":"feature","value":"测试后台"},{"name":"tag","value":"@pytest.mark.usefixtures('beginandend')"},{"name":"parentSuite","value":"TestCase"},{"name":"suite","value":"test_table"},{"name":"subSuite","value":"Testtable"},{"name":"host","value":"DESKTOP-14KMC4A"},{"name":"thread","value":"24792-MainThread"},{"name":"framework","value":"pytest"},{"name":"language","value":"cpython3"},{"name":"package","value":"TestCase.test_table"},{"name":"resultFormat","value":"allure2"}],"parameters":[],"links":[],"hidden":true,"retry":true,"extra":{"categories":[],"tags":["@pytest.mark.usefixtures('beginandend')"]},"source":"4d6cef3d19e080d1.json","parameterValues":[]}