{"uid":"75b83f69f38d4e6","name":"test_update_package[data0]","fullName":"TestCase.test_table.Testtable#test_update_package","historyId":"86fd89cac6e70c4da7d3c13e0fa56df0","time":{"start":1692756810146,"stop":1692756820570,"duration":10424},"status":"broken","statusMessage":"selenium.common.exceptions.InvalidSelectorException: Message: invalid selector: The result of the xpath expression \"/html/body/div[2]/div/div/div[2]/div[4]/div[2]/table/tbody/tr[1]/td/div/button[1]/text()\" is: [object Text]. It should be an element.\n  (Session info: chrome=116.0.5845.97); For documentation on this error, please visit: https://www.selenium.dev/documentation/webdriver/troubleshooting/errors#invalid-selector-exception\nStacktrace:\n\tGetHandleVerifier [0x00007FF6BA0252A2+57122]\n\t(No symbol) [0x00007FF6B9F9EA92]\n\t(No symbol) [0x00007FF6B9E6E3AB]\n\t(No symbol) [0x00007FF6B9E72382]\n\t(No symbol) [0x00007FF6B9E73D2F]\n\t(No symbol) [0x00007FF6B9E73E20]\n\t(No symbol) [0x00007FF6B9EA79B1]\n\t(No symbol) [0x00007FF6B9EA7E2C]\n\t(No symbol) [0x00007FF6B9EE0B67]\n\t(No symbol) [0x00007FF6B9EC701F]\n\t(No symbol) [0x00007FF6B9EDEB82]\n\t(No symbol) [0x00007FF6B9EC6DB3]\n\t(No symbol) [0x00007FF6B9E9D2B1]\n\t(No symbol) [0x00007FF6B9E9E494]\n\tGetHandleVerifier [0x00007FF6BA2CEF82+2849794]\n\tGetHandleVerifier [0x00007FF6BA321D24+3189156]\n\tGetHandleVerifier [0x00007FF6BA31ACAF+3160367]\n\tGetHandleVerifier [0x00007FF6BA0B6D06+653702]\n\t(No symbol) [0x00007FF6B9FAA208]\n\t(No symbol) [0x00007FF6B9FA62C4]\n\t(No symbol) [0x00007FF6B9FA63F6]\n\t(No symbol) [0x00007FF6B9F967A3]\n\tBaseThreadInitThunk [0x00007FF98D027614+20]\n\tRtlUserThreadStart [0x00007FF98E0C26A1+33]","statusTrace":"self = <TestCase.test_table.Testtable object at 0x00000285C3FB7A90>\ndata = ['test01', 1, '测试', '描述', '角标', 50, ...]\nbeginandend = (<selenium.webdriver.chrome.webdriver.WebDriver (session=\"bb7a947a6ab49f841383aa99d57d47c5\")>, <Logger 测试 (DEBUG)>)\n\n    @pytest.mark.usefixtures('beginandend')\n    @pytest.mark.parametrize(\"data\", excle_read('./data/ele.xlsx', 'Sheet3'))\n    def test_update_package(self,data, beginandend):\n        num, price, gives, description, text, give_num, result = data\n        print(num, price, gives, description, text, give_num, data)\n        self.driver, self.logger = beginandend\n        up = packagePage(self.driver)\n>       up.update_package(price, gives, description, text, give_num)\n\nTestCase\\test_table.py:55: \n_ _ _ _ _ _ _ _ _ _ _ _ _ _ _ _ _ _ _ _ _ _ _ _ _ _ _ _ _ _ _ _ _ _ _ _ _ _ _ _\npageobject\\table_commit.py:123: in update_package\n    self.click(self.update)\nbase\\base_page.py:48: in click\n    self.locate_element(args).click()\nbase\\base_page.py:17: in locate_element\n    WebDriverWait(self.driver, 30, 0.5).until(EC.presence_of_element_located(args), '没找到元素')\nC:\\python\\3.10\\lib\\site-packages\\selenium\\webdriver\\support\\wait.py:86: in until\n    value = method(self._driver)\nC:\\python\\3.10\\lib\\site-packages\\selenium\\webdriver\\support\\expected_conditions.py:82: in _predicate\n    return driver.find_element(*locator)\nC:\\python\\3.10\\lib\\site-packages\\selenium\\webdriver\\remote\\webdriver.py:739: in find_element\n    return self.execute(Command.FIND_ELEMENT, {\"using\": by, \"value\": value})[\"value\"]\nC:\\python\\3.10\\lib\\site-packages\\selenium\\webdriver\\remote\\webdriver.py:345: in execute\n    self.error_handler.check_response(response)\n_ _ _ _ _ _ _ _ _ _ _ _ _ _ _ _ _ _ _ _ _ _ _ _ _ _ _ _ _ _ _ _ _ _ _ _ _ _ _ _\n\nself = <selenium.webdriver.remote.errorhandler.ErrorHandler object at 0x00000285C3FD6EF0>\nresponse = {'status': 400, 'value': '{\"value\":{\"error\":\"invalid selector\",\"message\":\"invalid selector: The result of the xpath ex...07FF6B9F967A3]\\\\n\\\\tBaseThreadInitThunk [0x00007FF98D027614+20]\\\\n\\\\tRtlUserThreadStart [0x00007FF98E0C26A1+33]\\\\n\"}}'}\n\n    def check_response(self, response: Dict[str, Any]) -> None:\n        \"\"\"Checks that a JSON response from the WebDriver does not have an\n        error.\n    \n        :Args:\n         - response - The JSON response from the WebDriver server as a dictionary\n           object.\n    \n        :Raises: If the response contains an error message.\n        \"\"\"\n        status = response.get(\"status\", None)\n        if not status or status == ErrorCode.SUCCESS:\n            return\n        value = None\n        message = response.get(\"message\", \"\")\n        screen: str = response.get(\"screen\", \"\")\n        stacktrace = None\n        if isinstance(status, int):\n            value_json = response.get(\"value\", None)\n            if value_json and isinstance(value_json, str):\n                import json\n    \n                try:\n                    value = json.loads(value_json)\n                    if len(value) == 1:\n                        value = value[\"value\"]\n                    status = value.get(\"error\", None)\n                    if not status:\n                        status = value.get(\"status\", ErrorCode.UNKNOWN_ERROR)\n                        message = value.get(\"value\") or value.get(\"message\")\n                        if not isinstance(message, str):\n                            value = message\n                            message = message.get(\"message\")\n                    else:\n                        message = value.get(\"message\", None)\n                except ValueError:\n                    pass\n    \n        exception_class: Type[WebDriverException]\n        e = ErrorCode()\n        error_codes = [item for item in dir(e) if not item.startswith(\"__\")]\n        for error_code in error_codes:\n            error_info = getattr(ErrorCode, error_code)\n            if isinstance(error_info, list) and status in error_info:\n                exception_class = getattr(ExceptionMapping, error_code, WebDriverException)\n                break\n        else:\n            exception_class = WebDriverException\n    \n        if not value:\n            value = response[\"value\"]\n        if isinstance(value, str):\n            raise exception_class(value)\n        if message == \"\" and \"message\" in value:\n            message = value[\"message\"]\n    \n        screen = None  # type: ignore[assignment]\n        if \"screen\" in value:\n            screen = value[\"screen\"]\n    \n        stacktrace = None\n        st_value = value.get(\"stackTrace\") or value.get(\"stacktrace\")\n        if st_value:\n            if isinstance(st_value, str):\n                stacktrace = st_value.split(\"\\n\")\n            else:\n                stacktrace = []\n                try:\n                    for frame in st_value:\n                        line = frame.get(\"lineNumber\", \"\")\n                        file = frame.get(\"fileName\", \"<anonymous>\")\n                        if line:\n                            file = f\"{file}:{line}\"\n                        meth = frame.get(\"methodName\", \"<anonymous>\")\n                        if \"className\" in frame:\n                            meth = f\"{frame['className']}.{meth}\"\n                        msg = \"    at %s (%s)\"\n                        msg = msg % (meth, file)\n                        stacktrace.append(msg)\n                except TypeError:\n                    pass\n        if exception_class == UnexpectedAlertPresentException:\n            alert_text = None\n            if \"data\" in value:\n                alert_text = value[\"data\"].get(\"text\")\n            elif \"alert\" in value:\n                alert_text = value[\"alert\"].get(\"text\")\n            raise exception_class(message, screen, stacktrace, alert_text)  # type: ignore[call-arg]  # mypy is not smart enough here\n>       raise exception_class(message, screen, stacktrace)\nE       selenium.common.exceptions.InvalidSelectorException: Message: invalid selector: The result of the xpath expression \"/html/body/div[2]/div/div/div[2]/div[4]/div[2]/table/tbody/tr[1]/td/div/button[1]/text()\" is: [object Text]. It should be an element.\nE         (Session info: chrome=116.0.5845.97); For documentation on this error, please visit: https://www.selenium.dev/documentation/webdriver/troubleshooting/errors#invalid-selector-exception\nE       Stacktrace:\nE       \tGetHandleVerifier [0x00007FF6BA0252A2+57122]\nE       \t(No symbol) [0x00007FF6B9F9EA92]\nE       \t(No symbol) [0x00007FF6B9E6E3AB]\nE       \t(No symbol) [0x00007FF6B9E72382]\nE       \t(No symbol) [0x00007FF6B9E73D2F]\nE       \t(No symbol) [0x00007FF6B9E73E20]\nE       \t(No symbol) [0x00007FF6B9EA79B1]\nE       \t(No symbol) [0x00007FF6B9EA7E2C]\nE       \t(No symbol) [0x00007FF6B9EE0B67]\nE       \t(No symbol) [0x00007FF6B9EC701F]\nE       \t(No symbol) [0x00007FF6B9EDEB82]\nE       \t(No symbol) [0x00007FF6B9EC6DB3]\nE       \t(No symbol) [0x00007FF6B9E9D2B1]\nE       \t(No symbol) [0x00007FF6B9E9E494]\nE       \tGetHandleVerifier [0x00007FF6BA2CEF82+2849794]\nE       \tGetHandleVerifier [0x00007FF6BA321D24+3189156]\nE       \tGetHandleVerifier [0x00007FF6BA31ACAF+3160367]\nE       \tGetHandleVerifier [0x00007FF6BA0B6D06+653702]\nE       \t(No symbol) [0x00007FF6B9FAA208]\nE       \t(No symbol) [0x00007FF6B9FA62C4]\nE       \t(No symbol) [0x00007FF6B9FA63F6]\nE       \t(No symbol) [0x00007FF6B9F967A3]\nE       \tBaseThreadInitThunk [0x00007FF98D027614+20]\nE       \tRtlUserThreadStart [0x00007FF98E0C26A1+33]\n\nC:\\python\\3.10\\lib\\site-packages\\selenium\\webdriver\\remote\\errorhandler.py:229: InvalidSelectorException","flaky":false,"newFailed":false,"newBroken":false,"newPassed":false,"retriesCount":0,"retriesStatusChange":false,"beforeStages":[{"name":"beginandend","time":{"start":1692756808819,"stop":1692756810146,"duration":1327},"status":"passed","steps":[],"attachments":[],"parameters":[],"hasContent":false,"stepsCount":0,"attachmentsCount":0,"shouldDisplayMessage":false}],"testStage":{"status":"broken","statusMessage":"selenium.common.exceptions.InvalidSelectorException: Message: invalid selector: The result of the xpath expression \"/html/body/div[2]/div/div/div[2]/div[4]/div[2]/table/tbody/tr[1]/td/div/button[1]/text()\" is: [object Text]. It should be an element.\n  (Session info: chrome=116.0.5845.97); For documentation on this error, please visit: https://www.selenium.dev/documentation/webdriver/troubleshooting/errors#invalid-selector-exception\nStacktrace:\n\tGetHandleVerifier [0x00007FF6BA0252A2+57122]\n\t(No symbol) [0x00007FF6B9F9EA92]\n\t(No symbol) [0x00007FF6B9E6E3AB]\n\t(No symbol) [0x00007FF6B9E72382]\n\t(No symbol) [0x00007FF6B9E73D2F]\n\t(No symbol) [0x00007FF6B9E73E20]\n\t(No symbol) [0x00007FF6B9EA79B1]\n\t(No symbol) [0x00007FF6B9EA7E2C]\n\t(No symbol) [0x00007FF6B9EE0B67]\n\t(No symbol) [0x00007FF6B9EC701F]\n\t(No symbol) [0x00007FF6B9EDEB82]\n\t(No symbol) [0x00007FF6B9EC6DB3]\n\t(No symbol) [0x00007FF6B9E9D2B1]\n\t(No symbol) [0x00007FF6B9E9E494]\n\tGetHandleVerifier [0x00007FF6BA2CEF82+2849794]\n\tGetHandleVerifier [0x00007FF6BA321D24+3189156]\n\tGetHandleVerifier [0x00007FF6BA31ACAF+3160367]\n\tGetHandleVerifier [0x00007FF6BA0B6D06+653702]\n\t(No symbol) [0x00007FF6B9FAA208]\n\t(No symbol) [0x00007FF6B9FA62C4]\n\t(No symbol) [0x00007FF6B9FA63F6]\n\t(No symbol) [0x00007FF6B9F967A3]\n\tBaseThreadInitThunk [0x00007FF98D027614+20]\n\tRtlUserThreadStart [0x00007FF98E0C26A1+33]","statusTrace":"self = <TestCase.test_table.Testtable object at 0x00000285C3FB7A90>\ndata = ['test01', 1, '测试', '描述', '角标', 50, ...]\nbeginandend = (<selenium.webdriver.chrome.webdriver.WebDriver (session=\"bb7a947a6ab49f841383aa99d57d47c5\")>, <Logger 测试 (DEBUG)>)\n\n    @pytest.mark.usefixtures('beginandend')\n    @pytest.mark.parametrize(\"data\", excle_read('./data/ele.xlsx', 'Sheet3'))\n    def test_update_package(self,data, beginandend):\n        num, price, gives, description, text, give_num, result = data\n        print(num, price, gives, description, text, give_num, data)\n        self.driver, self.logger = beginandend\n        up = packagePage(self.driver)\n>       up.update_package(price, gives, description, text, give_num)\n\nTestCase\\test_table.py:55: \n_ _ _ _ _ _ _ _ _ _ _ _ _ _ _ _ _ _ _ _ _ _ _ _ _ _ _ _ _ _ _ _ _ _ _ _ _ _ _ _\npageobject\\table_commit.py:123: in update_package\n    self.click(self.update)\nbase\\base_page.py:48: in click\n    self.locate_element(args).click()\nbase\\base_page.py:17: in locate_element\n    WebDriverWait(self.driver, 30, 0.5).until(EC.presence_of_element_located(args), '没找到元素')\nC:\\python\\3.10\\lib\\site-packages\\selenium\\webdriver\\support\\wait.py:86: in until\n    value = method(self._driver)\nC:\\python\\3.10\\lib\\site-packages\\selenium\\webdriver\\support\\expected_conditions.py:82: in _predicate\n    return driver.find_element(*locator)\nC:\\python\\3.10\\lib\\site-packages\\selenium\\webdriver\\remote\\webdriver.py:739: in find_element\n    return self.execute(Command.FIND_ELEMENT, {\"using\": by, \"value\": value})[\"value\"]\nC:\\python\\3.10\\lib\\site-packages\\selenium\\webdriver\\remote\\webdriver.py:345: in execute\n    self.error_handler.check_response(response)\n_ _ _ _ _ _ _ _ _ _ _ _ _ _ _ _ _ _ _ _ _ _ _ _ _ _ _ _ _ _ _ _ _ _ _ _ _ _ _ _\n\nself = <selenium.webdriver.remote.errorhandler.ErrorHandler object at 0x00000285C3FD6EF0>\nresponse = {'status': 400, 'value': '{\"value\":{\"error\":\"invalid selector\",\"message\":\"invalid selector: The result of the xpath ex...07FF6B9F967A3]\\\\n\\\\tBaseThreadInitThunk [0x00007FF98D027614+20]\\\\n\\\\tRtlUserThreadStart [0x00007FF98E0C26A1+33]\\\\n\"}}'}\n\n    def check_response(self, response: Dict[str, Any]) -> None:\n        \"\"\"Checks that a JSON response from the WebDriver does not have an\n        error.\n    \n        :Args:\n         - response - The JSON response from the WebDriver server as a dictionary\n           object.\n    \n        :Raises: If the response contains an error message.\n        \"\"\"\n        status = response.get(\"status\", None)\n        if not status or status == ErrorCode.SUCCESS:\n            return\n        value = None\n        message = response.get(\"message\", \"\")\n        screen: str = response.get(\"screen\", \"\")\n        stacktrace = None\n        if isinstance(status, int):\n            value_json = response.get(\"value\", None)\n            if value_json and isinstance(value_json, str):\n                import json\n    \n                try:\n                    value = json.loads(value_json)\n                    if len(value) == 1:\n                        value = value[\"value\"]\n                    status = value.get(\"error\", None)\n                    if not status:\n                        status = value.get(\"status\", ErrorCode.UNKNOWN_ERROR)\n                        message = value.get(\"value\") or value.get(\"message\")\n                        if not isinstance(message, str):\n                            value = message\n                            message = message.get(\"message\")\n                    else:\n                        message = value.get(\"message\", None)\n                except ValueError:\n                    pass\n    \n        exception_class: Type[WebDriverException]\n        e = ErrorCode()\n        error_codes = [item for item in dir(e) if not item.startswith(\"__\")]\n        for error_code in error_codes:\n            error_info = getattr(ErrorCode, error_code)\n            if isinstance(error_info, list) and status in error_info:\n                exception_class = getattr(ExceptionMapping, error_code, WebDriverException)\n                break\n        else:\n            exception_class = WebDriverException\n    \n        if not value:\n            value = response[\"value\"]\n        if isinstance(value, str):\n            raise exception_class(value)\n        if message == \"\" and \"message\" in value:\n            message = value[\"message\"]\n    \n        screen = None  # type: ignore[assignment]\n        if \"screen\" in value:\n            screen = value[\"screen\"]\n    \n        stacktrace = None\n        st_value = value.get(\"stackTrace\") or value.get(\"stacktrace\")\n        if st_value:\n            if isinstance(st_value, str):\n                stacktrace = st_value.split(\"\\n\")\n            else:\n                stacktrace = []\n                try:\n                    for frame in st_value:\n                        line = frame.get(\"lineNumber\", \"\")\n                        file = frame.get(\"fileName\", \"<anonymous>\")\n                        if line:\n                            file = f\"{file}:{line}\"\n                        meth = frame.get(\"methodName\", \"<anonymous>\")\n                        if \"className\" in frame:\n                            meth = f\"{frame['className']}.{meth}\"\n                        msg = \"    at %s (%s)\"\n                        msg = msg % (meth, file)\n                        stacktrace.append(msg)\n                except TypeError:\n                    pass\n        if exception_class == UnexpectedAlertPresentException:\n            alert_text = None\n            if \"data\" in value:\n                alert_text = value[\"data\"].get(\"text\")\n            elif \"alert\" in value:\n                alert_text = value[\"alert\"].get(\"text\")\n            raise exception_class(message, screen, stacktrace, alert_text)  # type: ignore[call-arg]  # mypy is not smart enough here\n>       raise exception_class(message, screen, stacktrace)\nE       selenium.common.exceptions.InvalidSelectorException: Message: invalid selector: The result of the xpath expression \"/html/body/div[2]/div/div/div[2]/div[4]/div[2]/table/tbody/tr[1]/td/div/button[1]/text()\" is: [object Text]. It should be an element.\nE         (Session info: chrome=116.0.5845.97); For documentation on this error, please visit: https://www.selenium.dev/documentation/webdriver/troubleshooting/errors#invalid-selector-exception\nE       Stacktrace:\nE       \tGetHandleVerifier [0x00007FF6BA0252A2+57122]\nE       \t(No symbol) [0x00007FF6B9F9EA92]\nE       \t(No symbol) [0x00007FF6B9E6E3AB]\nE       \t(No symbol) [0x00007FF6B9E72382]\nE       \t(No symbol) [0x00007FF6B9E73D2F]\nE       \t(No symbol) [0x00007FF6B9E73E20]\nE       \t(No symbol) [0x00007FF6B9EA79B1]\nE       \t(No symbol) [0x00007FF6B9EA7E2C]\nE       \t(No symbol) [0x00007FF6B9EE0B67]\nE       \t(No symbol) [0x00007FF6B9EC701F]\nE       \t(No symbol) [0x00007FF6B9EDEB82]\nE       \t(No symbol) [0x00007FF6B9EC6DB3]\nE       \t(No symbol) [0x00007FF6B9E9D2B1]\nE       \t(No symbol) [0x00007FF6B9E9E494]\nE       \tGetHandleVerifier [0x00007FF6BA2CEF82+2849794]\nE       \tGetHandleVerifier [0x00007FF6BA321D24+3189156]\nE       \tGetHandleVerifier [0x00007FF6BA31ACAF+3160367]\nE       \tGetHandleVerifier [0x00007FF6BA0B6D06+653702]\nE       \t(No symbol) [0x00007FF6B9FAA208]\nE       \t(No symbol) [0x00007FF6B9FA62C4]\nE       \t(No symbol) [0x00007FF6B9FA63F6]\nE       \t(No symbol) [0x00007FF6B9F967A3]\nE       \tBaseThreadInitThunk [0x00007FF98D027614+20]\nE       \tRtlUserThreadStart [0x00007FF98E0C26A1+33]\n\nC:\\python\\3.10\\lib\\site-packages\\selenium\\webdriver\\remote\\errorhandler.py:229: InvalidSelectorException","steps":[],"attachments":[{"uid":"f1bb9270e7b357b8","name":"log","source":"f1bb9270e7b357b8.txt","type":"text/plain","size":151}],"parameters":[],"hasContent":true,"stepsCount":0,"attachmentsCount":1,"shouldDisplayMessage":true},"afterStages":[{"name":"beginandend::0","time":{"start":1692756820716,"stop":1692756822786,"duration":2070},"status":"passed","steps":[],"attachments":[],"parameters":[],"hasContent":false,"stepsCount":0,"attachmentsCount":0,"shouldDisplayMessage":false}],"labels":[{"name":"feature","value":"测试360搜索"},{"name":"tag","value":"@pytest.mark.usefixtures('beginandend')"},{"name":"parentSuite","value":"TestCase"},{"name":"suite","value":"test_table"},{"name":"subSuite","value":"Testtable"},{"name":"host","value":"DESKTOP-14KMC4A"},{"name":"thread","value":"24560-MainThread"},{"name":"framework","value":"pytest"},{"name":"language","value":"cpython3"},{"name":"package","value":"TestCase.test_table"},{"name":"resultFormat","value":"allure2"}],"parameters":[{"name":"data","value":"['test01', 1, '测试', '描述', '角标', 50, None]"}],"links":[],"hidden":true,"retry":true,"extra":{"categories":[],"tags":["@pytest.mark.usefixtures('beginandend')"]},"source":"75b83f69f38d4e6.json","parameterValues":["['test01', 1, '测试', '描述', '角标', 50, None]"]}