{"uid":"9d7b35fd5cdb217d","name":"test_query_package[data0]","fullName":"TestCase.test_table.Testtable#test_query_package","historyId":"333c9c601d41ee3046a4354407c46a14","time":{"start":1692847314060,"stop":1692847322315,"duration":8255},"status":"broken","statusMessage":"selenium.common.exceptions.NoSuchElementException: Message: Could not locate element with visible text: 1; For documentation on this error, please visit: https://www.selenium.dev/documentation/webdriver/troubleshooting/errors#no-such-element-exception","statusTrace":"self = <TestCase.test_table.Testtable object at 0x000001FCA56B0BB0>\ndata = [1, 1, 2, 3, 4, 1, ...]\nbeginandend = (<selenium.webdriver.chrome.webdriver.WebDriver (session=\"35294f75e71c55237663b9b2c5d1fc80\")>, <Logger 测试 (DEBUG)>)\n\n    @pytest.mark.usefixtures('beginandend')\n    @pytest.mark.parametrize(\"data\", excle_read('./data/ele.xlsx', '套餐查询用例'))\n    def test_query_package(self, data, beginandend):\n        num, Id, price, give_text, description, corner, num, give_num, result = data\n        self.driver, self.logger = beginandend\n        qp = packagePage(self.driver)\n>       qp.query_package(Id, price, give_text, description, corner, num, give_num)\n\nTestCase\\test_table.py:73: \n_ _ _ _ _ _ _ _ _ _ _ _ _ _ _ _ _ _ _ _ _ _ _ _ _ _ _ _ _ _ _ _ _ _ _ _ _ _ _ _\npageobject\\table_commit.py:166: in query_package\n    self.choice_select_by_value(self.package_type, '1')\nbase\\base_page.py:81: in choice_select_by_value\n    Select(self.locate_element(args)).select_by_visible_text(value)\n_ _ _ _ _ _ _ _ _ _ _ _ _ _ _ _ _ _ _ _ _ _ _ _ _ _ _ _ _ _ _ _ _ _ _ _ _ _ _ _\n\nself = <selenium.webdriver.support.select.Select object at 0x000001FCA4569360>\ntext = '1'\n\n    def select_by_visible_text(self, text: str) -> None:\n        \"\"\"Select all options that display text matching the argument. That is,\n        when given \"Bar\" this would select an option like:\n    \n         <option value=\"foo\">Bar</option>\n    \n        :Args:\n         - text - The visible text to match against\n    \n         throws NoSuchElementException If there is no option with specified text in SELECT\n        \"\"\"\n        xpath = f\".//option[normalize-space(.) = {self._escape_string(text)}]\"\n        opts = self._el.find_elements(By.XPATH, xpath)\n        matched = False\n        for opt in opts:\n            self._set_selected(opt)\n            if not self.is_multiple:\n                return\n            matched = True\n    \n        if len(opts) == 0 and \" \" in text:\n            sub_string_without_space = self._get_longest_token(text)\n            if sub_string_without_space == \"\":\n                candidates = self.options\n            else:\n                xpath = f\".//option[contains(.,{self._escape_string(sub_string_without_space)})]\"\n                candidates = self._el.find_elements(By.XPATH, xpath)\n            for candidate in candidates:\n                if text == candidate.text:\n                    self._set_selected(candidate)\n                    if not self.is_multiple:\n                        return\n                    matched = True\n    \n        if not matched:\n>           raise NoSuchElementException(f\"Could not locate element with visible text: {text}\")\nE           selenium.common.exceptions.NoSuchElementException: Message: Could not locate element with visible text: 1; For documentation on this error, please visit: https://www.selenium.dev/documentation/webdriver/troubleshooting/errors#no-such-element-exception\n\nC:\\python\\3.10\\lib\\site-packages\\selenium\\webdriver\\support\\select.py:137: NoSuchElementException","flaky":false,"newFailed":false,"newBroken":false,"newPassed":false,"retriesCount":0,"retriesStatusChange":false,"beforeStages":[{"name":"beginandend","time":{"start":1692847312863,"stop":1692847314059,"duration":1196},"status":"passed","steps":[],"attachments":[],"parameters":[],"hasContent":false,"stepsCount":0,"attachmentsCount":0,"shouldDisplayMessage":false}],"testStage":{"status":"broken","statusMessage":"selenium.common.exceptions.NoSuchElementException: Message: Could not locate element with visible text: 1; For documentation on this error, please visit: https://www.selenium.dev/documentation/webdriver/troubleshooting/errors#no-such-element-exception","statusTrace":"self = <TestCase.test_table.Testtable object at 0x000001FCA56B0BB0>\ndata = [1, 1, 2, 3, 4, 1, ...]\nbeginandend = (<selenium.webdriver.chrome.webdriver.WebDriver (session=\"35294f75e71c55237663b9b2c5d1fc80\")>, <Logger 测试 (DEBUG)>)\n\n    @pytest.mark.usefixtures('beginandend')\n    @pytest.mark.parametrize(\"data\", excle_read('./data/ele.xlsx', '套餐查询用例'))\n    def test_query_package(self, data, beginandend):\n        num, Id, price, give_text, description, corner, num, give_num, result = data\n        self.driver, self.logger = beginandend\n        qp = packagePage(self.driver)\n>       qp.query_package(Id, price, give_text, description, corner, num, give_num)\n\nTestCase\\test_table.py:73: \n_ _ _ _ _ _ _ _ _ _ _ _ _ _ _ _ _ _ _ _ _ _ _ _ _ _ _ _ _ _ _ _ _ _ _ _ _ _ _ _\npageobject\\table_commit.py:166: in query_package\n    self.choice_select_by_value(self.package_type, '1')\nbase\\base_page.py:81: in choice_select_by_value\n    Select(self.locate_element(args)).select_by_visible_text(value)\n_ _ _ _ _ _ _ _ _ _ _ _ _ _ _ _ _ _ _ _ _ _ _ _ _ _ _ _ _ _ _ _ _ _ _ _ _ _ _ _\n\nself = <selenium.webdriver.support.select.Select object at 0x000001FCA4569360>\ntext = '1'\n\n    def select_by_visible_text(self, text: str) -> None:\n        \"\"\"Select all options that display text matching the argument. That is,\n        when given \"Bar\" this would select an option like:\n    \n         <option value=\"foo\">Bar</option>\n    \n        :Args:\n         - text - The visible text to match against\n    \n         throws NoSuchElementException If there is no option with specified text in SELECT\n        \"\"\"\n        xpath = f\".//option[normalize-space(.) = {self._escape_string(text)}]\"\n        opts = self._el.find_elements(By.XPATH, xpath)\n        matched = False\n        for opt in opts:\n            self._set_selected(opt)\n            if not self.is_multiple:\n                return\n            matched = True\n    \n        if len(opts) == 0 and \" \" in text:\n            sub_string_without_space = self._get_longest_token(text)\n            if sub_string_without_space == \"\":\n                candidates = self.options\n            else:\n                xpath = f\".//option[contains(.,{self._escape_string(sub_string_without_space)})]\"\n                candidates = self._el.find_elements(By.XPATH, xpath)\n            for candidate in candidates:\n                if text == candidate.text:\n                    self._set_selected(candidate)\n                    if not self.is_multiple:\n                        return\n                    matched = True\n    \n        if not matched:\n>           raise NoSuchElementException(f\"Could not locate element with visible text: {text}\")\nE           selenium.common.exceptions.NoSuchElementException: Message: Could not locate element with visible text: 1; For documentation on this error, please visit: https://www.selenium.dev/documentation/webdriver/troubleshooting/errors#no-such-element-exception\n\nC:\\python\\3.10\\lib\\site-packages\\selenium\\webdriver\\support\\select.py:137: NoSuchElementException","steps":[],"attachments":[{"uid":"ab1ceec83d372eef","name":"log","source":"ab1ceec83d372eef.txt","type":"text/plain","size":151}],"parameters":[],"hasContent":true,"stepsCount":0,"attachmentsCount":1,"shouldDisplayMessage":true},"afterStages":[{"name":"beginandend::0","time":{"start":1692847322440,"stop":1692847324502,"duration":2062},"status":"passed","steps":[],"attachments":[],"parameters":[],"hasContent":false,"stepsCount":0,"attachmentsCount":0,"shouldDisplayMessage":false}],"labels":[{"name":"feature","value":"测试后台"},{"name":"tag","value":"@pytest.mark.usefixtures('beginandend')"},{"name":"parentSuite","value":"TestCase"},{"name":"suite","value":"test_table"},{"name":"subSuite","value":"Testtable"},{"name":"host","value":"DESKTOP-14KMC4A"},{"name":"thread","value":"16160-MainThread"},{"name":"framework","value":"pytest"},{"name":"language","value":"cpython3"},{"name":"package","value":"TestCase.test_table"},{"name":"resultFormat","value":"allure2"}],"parameters":[{"name":"data","value":"[1, 1, 2, 3, 4, 1, 1, 1, None]"}],"links":[],"hidden":true,"retry":true,"extra":{"categories":[],"tags":["@pytest.mark.usefixtures('beginandend')"]},"source":"9d7b35fd5cdb217d.json","parameterValues":["[1, 1, 2, 3, 4, 1, 1, 1, None]"]}